
*** Running vivado
    with args -log system_DVIClocking_0_0.vds -m64 -product Vivado -mode batch -messageDb vivado.pb -notrace -source system_DVIClocking_0_0.tcl


****** Vivado v2017.4 (64-bit)
  **** SW Build 2086221 on Fri Dec 15 20:55:39 MST 2017
  **** IP Build 2085800 on Fri Dec 15 22:25:07 MST 2017
    ** Copyright 1986-2017 Xilinx, Inc. All Rights Reserved.

source system_DVIClocking_0_0.tcl -notrace
Command: synth_design -top system_DVIClocking_0_0 -part xc7z010clg400-1 -mode out_of_context
Starting synth_design
Attempting to get a license for feature 'Synthesis' and/or device 'xc7z010'
INFO: [Common 17-349] Got license for feature 'Synthesis' and/or device 'xc7z010'
INFO: Launching helper process for spawning children vivado processes
INFO: Helper process launched with PID 13232 
---------------------------------------------------------------------------------
Starting RTL Elaboration : Time (s): cpu = 00:00:05 ; elapsed = 00:00:05 . Memory (MB): peak = 367.008 ; gain = 104.125
---------------------------------------------------------------------------------
ERROR: [Synth 8-2396] near character '0' ; 3 visible types match here [C:/Users/admin/repo/Zybo-Z7-20-pcam-5c-26oct/src/hdl/DVIClocking.vhd:69]
INFO: [Synth 8-1047] first match for ''0'' found here [./vhdl_packages/1993/src/standard.vhd:11]
INFO: [Synth 8-1047] another match for ''0'' found here [./vhdl_packages/1993/src/standard.vhd:20]
INFO: [Synth 8-1047] another match for ''0'' found here [./vhdl_packages/1993/src/std_1164.vhd:22]
INFO: [Synth 8-2810] unit behavioral ignored due to previous errors [C:/Users/admin/repo/Zybo-Z7-20-pcam-5c-26oct/src/hdl/DVIClocking.vhd:42]
---------------------------------------------------------------------------------
Finished RTL Elaboration : Time (s): cpu = 00:00:06 ; elapsed = 00:00:06 . Memory (MB): peak = 416.809 ; gain = 153.926
---------------------------------------------------------------------------------
RTL Elaboration failed
INFO: [Common 17-83] Releasing license: Synthesis
6 Infos, 0 Warnings, 0 Critical Warnings and 2 Errors encountered.
synth_design failed
ERROR: [Common 17-69] Command failed: Synthesis failed - please see the console or run log file for details
INFO: [Common 17-206] Exiting Vivado at Thu Apr  4 23:28:55 2019...
